{
  "RSpec": {
    "coverage": {
      "/Users/CEO/Documents/Coding/MakersAcademy/Projects/Week4/WeekendChallenge/chitter-challenge/spec/db_connection_spec.rb": [
        1,
        null,
        1,
        1,
        1,
        1,
        1,
        null,
        null,
        null,
        1,
        1,
        1,
        1,
        null,
        null,
        null,
        1,
        1,
        1,
        1,
        1,
        1,
        1,
        null,
        null,
        null
      ],
      "/Users/CEO/Documents/Coding/MakersAcademy/Projects/Week4/WeekendChallenge/chitter-challenge/spec/features/index_spec.rb": [
        1,
        1,
        1,
        1,
        1,
        1,
        null,
        null,
        null,
        1,
        1,
        1,
        1,
        1,
        1,
        null,
        null
      ],
      "/Users/CEO/Documents/Coding/MakersAcademy/Projects/Week4/WeekendChallenge/chitter-challenge/spec/features/registration_spec.rb": [
        1,
        1,
        1,
        1,
        1,
        1,
        null,
        null
      ],
      "/Users/CEO/Documents/Coding/MakersAcademy/Projects/Week4/WeekendChallenge/chitter-challenge/spec/peep_spec.rb": [
        1,
        null,
        1,
        1,
        1,
        1,
        null,
        1,
        1,
        1,
        1,
        1,
        null,
        1,
        1,
        1,
        1,
        1,
        1,
        null,
        null,
        null,
        1,
        1,
        1,
        1,
        1,
        1,
        null,
        null,
        null
      ],
      "/Users/CEO/Documents/Coding/MakersAcademy/Projects/Week4/WeekendChallenge/chitter-challenge/spec/user_spec.rb": [
        1,
        null,
        1,
        1,
        1,
        1,
        1,
        1,
        null,
        null,
        1,
        1,
        1,
        1,
        1,
        1,
        null,
        null,
        null
      ]
    },
    "timestamp": 1521424433
  }
}
